<?xml version="1.0" encoding="UTF-8"?>
<!-- Generated by org.testng.reporters.JUnitXMLReporter -->
<testsuite hostname="Pranav-PC" ignored="0" name="Command line test" tests="6" failures="0" timestamp="2020-02-09T01:16:15 IST" time="0.25" errors="0">
  <testcase name="addtwit" time="0.049" classname="rukepranav.APITest"/>
  <testcase name="twitterdel" time="0.001" classname="rukepranav.APITest"/>
  <testcase name="Android" time="0.001" classname="rukepranav.AppiumTest"/>
  <testcase name="MAc" time="0.0" classname="rukepranav.AppiumTest"/>
  <testcase name="action" time="0.0" classname="rukepranav.SeleniumTest"/>
  <testcase name="locatorTech" time="0.001" classname="rukepranav.SeleniumTest"/>
</testsuite> <!-- Command line test -->
