<?xml version="1.0" encoding="UTF-8"?>
<!-- Generated by org.testng.reporters.JUnitXMLReporter -->
<testsuite hostname="Pranav-PC" ignored="0" name="Test" tests="4" failures="0" timestamp="2020-02-09T01:16:49 IST" time="0.187" errors="0">
  <testcase name="action" time="0.016" classname="rukepranav.SeleniumTest"/>
  <testcase name="locatorTech" time="0.0" classname="rukepranav.SeleniumTest"/>
  <testcase name="Android" time="0.0" classname="rukepranav.AppiumTest"/>
  <testcase name="MAc" time="0.0" classname="rukepranav.AppiumTest"/>
</testsuite> <!-- Test -->
