<?xml version="1.0" encoding="UTF-8"?>
<testsuite xmlns:xsi="http://www.w3.org/2001/XMLSchema-instance" xsi:noNamespaceSchemaLocation="https://maven.apache.org/surefire/maven-surefire-plugin/xsd/surefire-test-report-3.0.xsd" version="3.0" name="rukepranav.APITest" time="2.164" tests="2" errors="0" skipped="0" failures="0">
  <properties>
[...]
</properties>
  <testcase name="addtwit" classname="rukepranav.APITest" time="0.016"/>
  <testcase name="twitterdel" classname="rukepranav.APITest" time="0"/>
</testsuite>