<?xml version="1.0" encoding="UTF-8"?>
<testng-results skipped="0" failed="0" ignored="0" total="4" passed="4">
  <reporter-output>
  </reporter-output>
  <suite name="Suite" duration-ms="187" started-at="2020-02-09T01:16:49 IST" finished-at="2020-02-09T01:16:49 IST">
    <groups>
    </groups>
    <test name="Test" duration-ms="187" started-at="2020-02-09T01:16:49 IST" finished-at="2020-02-09T01:16:49 IST">
      <class name="rukepranav.SeleniumTest">
        <test-method status="PASS" signature="action()[pri:0, instance:rukepranav.SeleniumTest@370736d9]" name="action" duration-ms="16" started-at="2020-02-09T01:16:49 IST" finished-at="2020-02-09T01:16:49 IST">
          <reporter-output>
          </reporter-output>
        </test-method> <!-- action -->
        <test-method status="PASS" signature="locatorTech()[pri:0, instance:rukepranav.SeleniumTest@370736d9]" name="locatorTech" duration-ms="0" started-at="2020-02-09T01:16:49 IST" finished-at="2020-02-09T01:16:49 IST">
          <reporter-output>
          </reporter-output>
        </test-method> <!-- locatorTech -->
      </class> <!-- rukepranav.SeleniumTest -->
      <class name="rukepranav.AppiumTest">
        <test-method status="PASS" signature="Android()[pri:0, instance:rukepranav.AppiumTest@5f9d02cb]" name="Android" duration-ms="0" started-at="2020-02-09T01:16:49 IST" finished-at="2020-02-09T01:16:49 IST">
          <reporter-output>
          </reporter-output>
        </test-method> <!-- Android -->
        <test-method status="PASS" signature="MAc()[pri:0, instance:rukepranav.AppiumTest@5f9d02cb]" name="MAc" duration-ms="0" started-at="2020-02-09T01:16:49 IST" finished-at="2020-02-09T01:16:49 IST">
          <reporter-output>
          </reporter-output>
        </test-method> <!-- MAc -->
      </class> <!-- rukepranav.AppiumTest -->
    </test> <!-- Test -->
  </suite> <!-- Suite -->
</testng-results>
